[    000000]Liux erion .15.0-76-generic (buildd@lcy01-amd64-029) (gcc version 7.4.0 (Ubuntu 7.4.0-1uuntu11804.1) 86-Uunt SP FrJan 17172428UT 2020 (Untu 4.5.-7.8-genri 4.5.8)
[    0.000000] Comand lie:BOOTIMGE=/oot/vmlinuz-.15.0-76gener root=UI=2d62d6-934-455-995d-16aeb1bc5d8a ro console=tty1 console=ttyS0
[    0.000000] KERNEL supported cpus:
[    0.00000]   Intel GenuineIntel
[  0.000000]   AMD AuthenticAMD
   0.00000]   Cetaur CtaurHaul
    00000] 86/fpuSuppoing XSA feature 0x01:x87 floatngpoi regstrs'
   0.0000] x6/pu Supportin XSAVE feture0x02:'SSE egiser'
[    000000] x86/fpu: Supporin XSAE feature 0x004: 'AVX registers'
[    0.000000] x86/fpu: xstate_offset[2]:  576, xstate_sizes[2]:  256
[    0.000000] x86/fu: Eabed stte fatres 0x7 cntextize is 83 bte, usng'standad'formt.
[   0.00000] e20: IOS-proidd phsial RAMma:[    0.0000] IO-e82 [me0x0000000000000-00000000009fbffusable[   0.00000]BIS-e80:[mm 0x000000000fc0-x000000000009ffff] reseved
[    0.000000] BIOSe80: [mem x00000000f00-0x0000000fffff] reserved
[    0.000000] BIOS-e820: [mem 0x0000000000100000-0000000ffeffff] usable
[  0.000000] BIOS-e820: [mem 0x000000003fff0000-0x000000003fffffff] ACPI data
[    0.000000] BIS-820: [mem x000000fec000-0x000000fec00f] rseve
    0.000000] BIOS-e820: [mem 0x00000000fee00000-0x00000000fee00fff] reserved
[    0.000000] BIOS-e820: [mem 0x00000000fffc0000-0x00000000ffffffff] reserved
[    0.000000] NX (Execute Disable) protection: active
[    0.000000] SMBIOS 2.5 present.
[    0.000000] DMI: innotek GmbH VirtualBox/VirtualBox, BIOS Vtualox12/01/2006
[   0.00000]Hyerviordected KM
   0.0000]e80: lstpfn 0x3ff0max_ah_pf =0x4000000[    0.00000]TRR: Disabed
[  0.000000] x86/PAT: MTRRs disabled, skipping PAT initialization too.
[    0.000000] CPU MTRRs alblank -irtualze syem.
    0.000000] x86/PAT: Configuration [0-7]: WB  WT  UC- UC  WB  WT  UC- UC  
[    0.00000]found SMP MP-table at [mem 0x0009fff0-0x0009ffff]
[    0.0000 Scanni 1 ars for low memory oruption

[    0.000000] RAMDISK: [mem 0x35969000-0x36cabfff]
[    0.000000] ACPI: Early table checksum verification disabled
[    0.000000] ACPI: RSDP 0x00000000000E0000 0024 (v02BOX  )
   0.0000] PI: XSDTx000000003FFF0030 00003C (v01 VBOX   VBOXXSDT 00000001 ASL  00000061)
[  0.00000]ACP: ACP 0x0000003FF00F0 00F4 (v04VBX  BOXFAC 0000001 AL  000061
    0.0000] ACPI: SDT 0x000000003FFF0470 0021FF (v0 VBOX   BOBIOS 00002 NTL 010528)
[   0000000] ACPI: FACS 0x000000003FF200 000040
[    0.000000] ACPI: FACS x0000003FF000000040
[   0.0000] CP: APIC 0x0000003FFF04000005(v02 OX   VBOXAPIC 000001 ASL 00000061)
[    0.000000] ACPI:SDT 0x000000003FFF02A0 001C (v01 VBOX   VBOXCPUT 0000002INTL010028
   0.00000] o NUMAconfgurationfound[    00000 Faki a ndeat [memx0000000000000-x0000003fefff]
[    0.000000] NODE_DATA(0) allocated [mm 0x3ffc500-03ffffff]
[    0.000000] kvm-clck: cpu 0, msr 0:3ff44001, primary cp cloc
[    000000] vmclck Usingsrs 464d01 and4b64d00
[   0.0000] kvm-clock: using sche ofset of 427417223 cycs
[   .0000] clckoue: kvm-cock:mask:0xffffffffffffffff max_cycles: 0x1cd42e4dffb, max_idle_ns: 881590591483 ns
[    0.000000 Zon rnges:[     0.0000]  D     mem 0x00000000001000-0x0000000000ffffff]
[   00000]   DMA2   [mem 00000000010000-x00000003ffeff]
[   0.00000  Noma  emty
[    0.0000]   Device   emty
[   0.000000 Movable zone start for each node
[    0000000] Earlmemory node ranges
[    0.000000]   node   0: [mem 0x0000000000001000-0x000000000009efff]
[    0.000000]   node   0: [mem 0x0000000000100000-0x000000003ffeffff]
[    0.000000] Reservedbu uavilble: 98 pages[    00000] nime set nod 0[mem x0000000001000-0x00000003effff
[   0.00000]ACI:M-TierIO or: 0008[    0.0000] IAPC[0] aic_i 2 versio 32,addre 0xfe0000,SI 023
[   0.000000] ACPI: INT_SRC_OVR (bus 0 bus_irq 0 global_irq 2 dfl dfl)
[   0.0000] ACPI:NT_SRC_OVR (bus 0 bus_irq 9 global_irq 9 low level)
[    0.000000] Using ACPI (MADT) for SMP configuration information
[    0.000000] smpboot: Allowing 2 CPUs, 0 hotplug CPUs
[    0.000000] PM: Registered nosave memory: [mem 0x00000000x000fff][    .000000] PM: Regiteed nave emry: [mm x000f00-0009ff][   0.0000] M: Registerd osavemeor: [mem 0000a0000-x00efff]
[   0.0000]PM: egisred nove mmoy: [em0x00f000x000fff][   0.000] e82 [me 04000000xebffff] avalablefo PI deices
[   00000] Botng paavrtualiedkernelonKVM[    0.0000 cocksoure:refine-jffie: as 0xffffff axcyle: 0xffffffff, max_idle_ns: 7645519600211568 ns
[    0.000000] random: get_random_bytes called from start_kernel+0x99/0x4f witcrng_ni=0
   0.00000 setup_percpu: NR_CPUS:8192 nr_cpumak_its:2r_cpu_id2 nr_node_ids:1
[  0.0000] prcpu: Ebede 45 ags/cpus17456 819 d28672 u10457
[   0000000] P qpinlck hah table entries:256 ordr: 0, 406 byes
   0.00000]Buil 1 onelst, mobiliy roupngon.  Total page: 57913
[   .00000 Polcyzone DA32
[  0.00000 Krnl command lne BOOT_IMAGE=/bot/vminuz4.15.0-6-enerc oot=UUD=2d6126-34b-4d5599d-16ebbcd8 r cnsole=tty1 consoe=ttyS0
[    00000] Memory: 982556K/1048120K avilabe (130K ernel code, 2481K wdata, 460Krodata, 2428K init, 2704K bss, 65564K reserved, 0K ma-reserved)
[    0000000] SLUB: HWalin=64, Order=03, MiObjects=0,CPUs=2,Nodes=1
    0.000000] Kene/Userpagetables isolation: enabled
[    0000000] trace: allocating 3932 entrie in 54 pages
[    0004000 Hierarchical RCU implementation.
[    0.004000] 	RCUrestricting CPUs fro NR_CPUS=8192 to nr_cpu_ids=2.
[   0.004000] 	Tass RCU enaled.
[    0.00400] RCU: Adjusting geometry for rc_fanout_leaf=16,nr_cpu_is=2
[    0.04000] NR_IRQS: 52454, nr_rqs: 440, prealloated irqs 16
[    0.004000] Console: colour VGA+ 80x25
[    0.004000] console [tty1] enabled
[    .004000] console ttyS0] nabled
[   0.004000] ACPI: Core revisio 2017831
[    0.004000 ACPI: 2 ACPI AML tables successfully acquire and loded
[    0.004000] APIC: Switch to symmetric I/O mode setup
[    0.004281] x2apic enabled
[    0.008011] Switched APIC routing to physical x2apic.
[    0.013559] ..TIMER: vector=0x30 apic1=0 pin1=2 apic2=-1 pin2=-1
[    0.016009] tsc: Detected 2599.998 MHz processor
[    0.020018] Calibrating delay loop (skipped) preset value.. 5199.99 BogoMIPS (lpj=10399992)
[    0.024011] pid_max: default: 32768 minimum: 301
[    0.028059] Security Framework initialized
[    0.032011] Yama: becoming mindful.
[    0.036053] AppArmor: AppArmor initialized
[    0.043850] Dentry cache hash table entries: 131072 (order: 8, 1048576 bytes)
[    0.044128] Inode-cache hash table entries: 65536 (order: 7, 524288 bytes)
[    0.048041] Mount-cache hash table entries: 2048 (order: 2, 16384 bytes)
[    0.052023] Mountpoint-cache hash table entries: 2048 (order: 2, 16384 bytes)
[    0.056611] Last level iTLB entries: 4KB 1024, 2MB 1024, 4MB 1024
[    0.060011] Last level dTLB entries: 4KB 1024, 2MB 1024, 4MB 1024, 1GB 4
[    0.064009] Spectre V1 : Mitigation: usercopy/swapgs barriers and __user pointer sanitization
[    0.068010] Spectre V2 : Mitigation: Full generic retpoline
[    0.072008] Spectre V2 : Spectre v2 / SpectreRSB mitigation: Filling RSB on context switch
[    0.076009] Speculative Store Bypass: Vulnerable
[    0.080069] MDS: Vulnerable: Clear CPU buffers attempted, no microcode
[    0.084666] Freeing SMP alternatives memory: 36K
[    0.200517] smpboot: CPU0: Intel(R) Core(TM) i5-4278U CPU @ 2.60GHz (family: 0x6, model: 0x45, stepping: 0x1)
[    0.204149] Performance Events: unsupported p6 CPU model 69 no PMU driver, software events only.
[    0.208112] Hierarchical SRCU implementation.
[    0.213058] NMI watchdog: Perf event create on CPU 0 failed with -2
[    0.216009] NMI watchdog: Perf NMI watchdog permanently disabled
[    0.220398] smp: Bringing up secondary CPUs ...
[    0.224139] x86: Booting SMP configuration:
[    0.228010] .... node  #0, CPUs:      #1
[    0.004000] kvm-clock: cpu 1, msr 0:3ff44041, secondary cpu clock
[    0.300036] smp: Brought up 1 node, 2 CPUs
[    0.304125] smpboot: Max logical packages: 1
[    0.308013] smpboot: Total of 2 processors activated (10399.99 BogoMIPS)
[    0.312241] devtmpfs: initialized
[    0.316355] x86/mm: Memory block size: 128MB
[    0.320304] evm: security.selinux
[    0.324017] evm: security.SMACK64
[    0.328009] evm: security.SMACK64EXEC
[    0.332011] evm: security.SMACK64TRANSMUTE
[    0.336011] evm: security.SMACK64MMAP
[    0.340010] evm: security.apparmor
[    0.344008] evm: security.ima
[    0.348010] evm: security.capability
[    0.356295] clocksource: jiffies: mask: 0xffffffff max_cycles: 0xffffffff, max_idle_ns: 7645041785100000 ns
[    0.360025] futex hash table entries: 512 (order: 3, 32768 bytes)
[    0.368036] pinctrl core: initialized pinctrl subsystem
[    0.372262] RTC time:  3:36:01, date: 03/01/20
[    0.380503] NET: Registered protocol family 16
[    0.384175] audit: initializing netlink subsys (disabled)
[    0.388086] audit: type=2000 audit(1583033739.273:1): state=initialized audit_enabled=0 res=1
[    0.472019] cpuidle: using governor ladder
[    0.476034] cpuidle: using governor menu
[    0.480070] ACPI: bus type PCI registered
[    0.484009] acpiphp: ACPI Hot Plug PCI Controller Driver version: 0.5
[    0.488155] PCI: Using configuration type 1 for base access
[    0.493573] HugeTLB registered 2.00 MiB page size, pre-allocated 0 pages
[    0.512124] ACPI: Added _OSI(Module Device)
[    0.516015] ACPI: Added _OSI(Processor Device)
[    0.520012] ACPI: Added _OSI(3.0 _SCP Extensions)
[    0.524015] ACPI: Added _OSI(Processor Aggregator Device)
[    0.528013] ACPI: Added _OSI(Linux-Dell-Video)
[    0.532016] ACPI: Added _OSI(Linux-Lenovo-NV-HDMI-Audio)
[    0.536020] ACPI: Added _OSI(Linux-HPI-Hybrid-Graphics)
[    0.540741] ACPI: Executed 1 blocks of module-level executable AML code
[    0.554565] ACPI: Interpreter enabled
[    0.556041] ACPI: (supports S0 S5)
[    0.560014] ACPI: Using IOAPIC for interrupt routing
[    0.564524] PCI: Using host bridge windows from ACPI; if necessary, use "pci=nocrs" and report a bug
[    0.568284] ACPI: Enabled 2 GPEs in block 00 to 07
[    0.587617] ACPI: PCI Root Bridge [PCI0] (domain 0000 [bus 00-ff])
[    0.588034] acpi PNP0A03:00: _OSC: OS supports [ASPM ClockPM Segments MSI]
[    0.592081] acpi PNP0A03:00: _OSC: not requesting OS control; OS requires [ExtendedConfig ASPM ClockPM MSI]
[    0.596039] acpi PNP0A03:00: fail to add MMCONFIG information, can't access extended PCI configuration space under this bridge.
[    0.604137] PCI host bridge to bus 0000:00
[    0.608018] pci_bus 0000:00: root bus resource [io  0x0000-0x0cf7 window]
[    0.612035] pci_bus 0000:00: root bus resource [io  0x0d00-0xffff window]
[    0.616017] pci_bus 0000:00: root bus resource [mem 0x000a0000-0x000bffff window]
[    0.620014] pci_bus 0000:00: root bus resource [mem 0x40000000-0xfdffffff window]
[    0.624016] pci_bus 0000:00: root bus resource [bus 00-ff]
[    0.633906] pci 0000:00:01.1: legacy IDE quirk: reg 0x10: [io  0x01f0-0x01f7]
[    0.636013] pci 0000:00:01.1: legacy IDE quirk: reg 0x14: [io  0x03f6]
[    0.640014] pci 0000:00:01.1: legaay IDE quirk: reg 0x18: [io  0x0170-0x0177]
[    0.644014] pci 0000:00:01.1: legacy IDE quirk: reg 0x1c: [io  0x0376]
[    0.688924] pci 0000:00:07.0: quirk: [io  0x4000-0x403f] claimed by PIIX4 ACPI
[    0.692048] pci 0000:00:07.0: quirk: [io  0x4100-0x410f] claimed by PIIX4 SMB
[    0.723383] ACPI: PCI Interrupt Link [LNKA] (IRQs 5 9 10 *11)
[    0.725631] ACPI: PCI Interrupt Link [LNKB] (IRQs 5 9 *10 11)
[    0.728459] ACPI: PCI Interrupt Link [LNKC] (IRQs 5 *9 10 11)
[    0.732308] ACPI: PCI Interrupt Link [LNKD] (IRQs 5 9 10 *11)
[    0.736721] SCSI subsystem initialized
[    0.740107] pci 0000:00:02.0: vgaarb: setting as boot VGA device
[    0.744000] pci 0000:00:02.0: vgaarb: VGA device added: decodes=io+mem,owns=io+mem,locks=none
[    0.744015] pci 0000:00:02.0: vgaarb: bridge control possible
[    0.748012] vgaarb: loaded
[    0.752090] ACPI: bus type USB registered
[    0.756093] usbcore: registered new interface driver usbfs
[    0.760091] usbcore: registered new interface driver hub
[    0.764110] usbcore: registered new device driver usb
[    0.768358] EDAC MC: Ver: 3.0.0
[    0.772754] PCI: Using ACPI for IRQ routing
[    0.776749] NetLabel: Initializing
[    0.780011] NetLabel:  domain hash size = 128
[    0.784009] NetLabel:  protocols = UNLABELED CIPSOv4 CALIPSO
[    0.788045] NetLabel:  unlabeled traffic allowed by default
[    0.792295] clocksource: Switched to clocksource kvm-clock
[    8457] VFS: Disk quotas dquot_6.6.0
[    1.102785] VFS: Duo-cch hh table entries: 51 (rder 0, 409 bte)[   7241Aprmr: ApArmor Filesystem Enabled
[    1553pn Pn APIint   24859pn PP PIfod device

[  31393clksurc: pim:as: ffffaxycs:xfff m_idlens207024s
[  4052]ETRestedroocolfaly
[    503683]CPstlied hshabe trs:19 (de 4656 te
  5.6127 TP bind hash table entries 82 rdr:, 312 yts)[   .4313]CPHa tbl cfire(eabishe 8192bid 19
   74386 UDP hash talentes51(oer 2 184yt)  7.7003 U-Le shtable enri: 2 rd:  138bys)[   7509NE Risered protocol family 1
[  9980]ci0000:0:0.0Limitig ret I/CIrafe
[   7770 pi 00001.0:ctvainISADMhag orrods
[ 105023pc00:0:00:id dvie it sdowe R a [em0x0c000x0dff
[ 114736 Uacingniam..
[   12.278711] Freeing initrd memory: 19724K
[   12.372973] clocksource: tsc: mask: 0xffffffffffffffff max_cycles: 0x257a3a7b45f, max_idle_ns: 440795312762 ns
[   12.590103] platform rtc_cmos: registered platform RTC device (no PNP device found)
[   12.754870] Scanning for low memory corruption every 60 seconds
[   12.851225] Initialise system trusted keyrings
[   12.874563] Key type blacklist registered
[   12.929764] workingset: timestamp_bits=36 max_order=18 bucket_order=0
[   13.029975] zbud: loaded
[   13.064808] squashfs: version 4.0 (2009/01/31) Phillip Lougher
[   13.145330] fuse init (API version 7.26)
[   13.208694] Key type asymmetric registered
[   13.276149] Asymmetric key parser 'x509' registered
[   13.330406] Block layer SCSI generic (bsg) driver version 0.4 loaded (major 246)
[   13.435604] io scheduler noop registered
[   13.481609] io scheduler deadline registered
[   13.548654] io scheduler cfq registered (default)
[   13.613450] ACPI: AC Adapter [AC] (off-line)
[   13.668569] input: Power Button as /devices/LNXSYSTM:00/LNXPWRBN:00/input/input0
[   13.786714] ACP: wer Button [PWRF]
[   13.894724] input: Sleep Button as /devices/LNXSYSTM:00/LNXSLPBN:00/input/input1
[   14.024349] ACPI: Sleep Button [SLPF]
[   14.096013] Serial: 8250/16550 driver, 32 ports, IRQ sharing enabled
[   14.097072] ACPI: Battery Slot [BAT0] (battery present)
[   14.282086] 00:02: ttyS0 at I/O 0x3f8 (irq = 4, base_baud = 115200) is a 16550A
[   1.340 Lux agpgart interfac  v0.103
[   14.640440] loop: module loaded
[   14.708996] scsi host0: ata_piix
[   14.774113] scsi host1: ata_piix
[   14.843193] ata1: PATA max UDMA/33 cmd 0x1f0 ctl 0x3f6 bmdma 0xd000 irq 14
[   15.004796] ata2: PATA max UDMA/33 cmd 0x170 ctl 0x376 bmdma 0xd008 irq 15
[   15.109421] libphy: Fixed MDIO Bus: probed
[   15.172990] tun: Universal TUN/TAP device driver, 1.6
[   15.264755] PPP generic driver version 2.4.2
[   15.352484] ehci_hcd: USB 2.0 'Enhanced' Host Controller (EHCI) Driver
[   15.433900] ehci-pci: EHCI PCI platform driver
[   15.552140] ehci-platform: EHCI generic platform driver
[   15.604104] ohci_hcd: USB 1.1 'Open' Host Controller (OHCI) Driver
[   15.714925] ohci-pci: OHCI PCI platform driver
[   15.802150] ohci-platform: OHCI generic platform driver
[   15.908313] uhci_hcd: USB Universal Host Controller Interface driver
[   15.978500] i8042: PNP: PS/2 Controller [PNP0303:PS2K,PNP0f03:PS2M] at 0x60,0x64 irq 1,12
[   16.124592] serio: i8042 KBD port at 0x60,0x64 irq 1
[   16.191896] serio: i8042 AUX port at 0x60,0x64 irq 12
[   16.236942] mousedev: PS/2 mouse device common for all mice
[   16.432276] input: AT Translated Set 2 keyboard as /devices/platform/i8042/serio0/input/input2
[   16.333] rtc_cmo rc_cmos:rtcoe:reisered c_oss tc0
  7.48] rc_ostcmo: las  ton d, 4 tenvm
[   18.08595] ic evntie dve

[   1.320] vi-mapper uve: erio1.3
[   18.929137] device-mapper: ioctl: 4.37.0-ioctl (2017-09-20) initialised: dm-devel@redhat.com
[   18.955003] ledtrig-cpu: registered to indicate activity on CPUs
[   19.059638] NET: Registered protocol family 10
[   19.098155] Segment Routing with IPv6
[   19.144380] NET: Registered protocol family 17
[   19.157116] Key type dns_resolver registered
[   19.158728] mce: Using 0 MCE banks
[   19.159841] RAS: Correctable Errors collector initialized.
[   19.161631] sched_clock: Marking stable (19161608742, 0)->(49804862520, -30643253778)
[   19.197076] registered taskstats version 1
[   19.198415] Loading compiled-in X.509 certificates
[   19.202683] Loaded X.509 cert 'Build time autogenerated kernel key: 665cd2b89e03521f57c41865f552ebce30a0c7fb'
[   19.211292] zswap: loaded using pool lzo/zbud
[   19.254793] Key type big_key registered
[   19.288796] Key type trusted registered
[   19.292511] Key type encrypted registered
[   19.325347] AppArmor: AppArmor sha1 policy hashing enabled
[   19.352649] ima: No TPM chip found, activating TPM-bypass! (rc=-19)
[   19.354762] ima: Allocated hash algorithm: sha1
[   19.356264] evm: HMAC attrs: 0x1
[   19.357650]   Magic number: 12:949:612
[   19.358874] tty tty: hash matches
[   19.360083] rtc_cmos rtc_cmos: setting system clock to 2020-03-01 03:36:23 UTC (1583033783)
[   19.384963] BIOS EDD facility v0.16 2004-Jun-25, 0 devices found
[   19.474547] EDD information not available.
[   19.502351] Freeing unused kernel image memory: 2428K
[   19.544413] Write protecting the kernel read-only data: 20480k
[   20.076472] Freeing unused kernel image memory: 2008K
[   20.079030] Freeing unused kernel image memory: 1884K
[   21.167953] x86/mm: Checked W+X mappings: passed, no W+X pages found.
[   22.580449] x86/mm: Checking user space page tables
[   23.565678] x86/mm: Checked W+X mappings: passed, no W+X pages found.
Loading, please wait...
starting version 237
[   25.098072] e1000: Intel(R) PRO/1000 Network Driver - version 7.3.21-k8-NAPI
[   25.106141] e1000: Copyright (c) 1999-2006 Intel Corporation.
[   25.141623] Fusion MPT base driver 3.04.20
[   25.162374] Copyright (c) 1999-2008 LSI Corporation
[   25.175242] Fusion MPT SPI Host driver 3.04.20
[   25.256993] AVX2 version of gcm_enc/dec engaged.
[   25.259724] AES CTR mode by8 optimization enabled
[   25.378719] input: ImExPS/2 Generic Explorer Mouse as /devices/platform/i8042/serio1/input/input5
[   25.689905] e1000 0000:00:03.0 eth0: (PCI:33MHz:32-bit) 02:6f:f9:1e:39:dc
[   27.073978] e1000 0000:00:03.0 eth0: Intel(R) PRO/1000 Network Connection
[   28.304689] mptbase: ioc0: Initiating bringup
[   28.416307] ioc0: LSI53C1030 A0: Capabilities={Initiator}
[   28.711233] scsi host2: ioc0: LSI53C1030 A0, FwRev=00000000h, Ports=1, MaxQ=256, IRQ=20
[   28.889054] scsi 2:0:0:0: Direct-Access     VBOX     HARDDISK         1.0  PQ: 0 ANSI: 5
[   29.228455] scsi target2:0:0: Beginning Domain Validation
[   29.261392] scsi target2:0:0: Domain Validation skipping write tests
[   29.269429] scsi target2:0:0: Ending Domain Validation
[   29.308419] scsi target2:0:0: asynchronous
[   29.334924] random: fast init done
[   29.796987] scsi 2:0:1:0: Direct-Access     VBOX     HARDDISK         1.0  PQ: 0 ANSI: 5
[   29.908216] scsi target2:0:1: Beginning Domain Validation
[   29.938435] scsi target2:0:1: Domain Validation skipping write tests
[   29.940929] random: systemd-udevd: uninitialized urandom read (16 bytes read)
[   29.945434] scsi target2:0:1: Ending Domain Validation
[   29.947635] random: systemd-udevd: uninitialized urandom read (16 bytes read)
[   30.121600] e1000 0000:00:08.0 eth1: (PCI:33MHz:32-bit) 08:00:27:56:f6:c9
[   30.133543] random: systemd-udevd: uninitialized urandom read (16 bytes read)
[   30.162254] e1000 0000:00:08.0 eth1: Intel(R) PRO/1000 Network Connection
[   30.201544] scsi target2:0:1: asynchronous
[   30.217087] e1000 0000:00:03.0 enp0s3: renamed from eth0
[   30.285845] sd 2:0:0:0: Attached scsi generic sg0 type 0
[   30.285990] sd 2:0:0:0: [sda] 20971520 512-byte logical blocks: (10.7 GB/10.0 GiB)
[   30.291746] sd 2:0:0:0: [sda] Write Protect is off
[   30.293537] sd 2:0:1:0: Attached scsi generic sg1 type 0
[   30.293938] e1000 0000:00:08.0 enp0s8: renamed from eth1
[   30.325885] sd 2:::0:0: [sda] Incomplete mode parameter data
[   30.384724] sd 2:0:0:0: [sda] Assuming drive cache: write through
[   30.433345] sd 2:0:1:0: [sdb] 20480 512-byte logical blocks: (10.5 MB/10.0 MiB)
[   30.435650]  sda: sda1
[   30.490332] sd 2:0:1:0: [sdb] Write Protect is off
[   30.504471] sd 2:0:1:0: [sdb] Incomplete mode parameter data
[   30.524997] sd 2:0:1:0: [sdb] Assuming drive cache: write through
[   30.558707] sd 2:0:0:0: [sda] Attached SCSI disk
[   30.560928] sd 2:0:1:0: [sdb] Attached SCSI disk
Begin: Loading essential drivers ... [   32.136509] raid6: sse2x1   gen()  8116 MB/s
[   32.212166] raid6: sse2x1   xor()  6736 MB/s
[   32.264300] raid6: sse2x2   gen() 11793 MB/s
[   32.340064] raid6: sse2x2   xor()  7293 MB/s
[   32.412220] raid6: sse2x4   gen() 13408 MB/s
[   32.460436] raid6: sse2x4   xor()  8174 MB/s
[   32.576437] raid6: avx2x1   gen() 17607 MB/s
[   32.708176] raid6: avx2x1   xor() 10346 MB/s
[   32.776597] raid6: avx2x2   gen()  9960 MB/s
[   32.892905] raid6: avx2x2   xor() 13248 MB/s
[   32.980063] raid6: avx2x4   gen() 21205 MB/s
[   33.068054] raid6: avx2x4   xor() 12730 MB/s
[   33.130171] raid6: using algorithm avx2x4 gen() 21205 MB/s
[   33.149912] raid6: .... xor() 12730 MB/s, rmw enabled
[   33.191855] raid6: using avx2x2 recovery algorithm
[   33.263751] xor: automatically using best checksumming function   avx       
[   33.331650] async_tx: api initialized (async)
done.
Begin: Running /scripts/init-premount ... done.
Begin: Mounting root file sys[   33.432894] Btrfs loaded, crc32c=crc32c-intel
tem ... Begin: Running /scripts/local-top ... done.
Begin: Running /scripts/local-premount ... [   33.493073] EXT4-fs (sda1): INFO: recovery required on readonly filesystem
Scanning for Btr[   33.585019] EXT4-fs (sda1): write access will be enabled during recovery
fs filesystems
done.
Warning: fsck not present, so skipping root file system
[   33.684988] EXT4-fs (sda1): recovery complete
[   33.716908] EXT4-fs (sda1): mounted filesystem with ordered data mode. Opts: (null)
done.
Begin: Running /scripts/local-bottom ... done.
Begin: Running /scripts/init-bottom ... done.
[   34.119319] ip_tables: (C) 2000-2006 Netfilter Core Team
[   34.184837] systemd[1]: systemd 237 running in system mode. (+PAM +AUDIT +SELINUX +IMA +APPARMOR +SMACK +SYSVINIT +UTMP +LIBCRYPTSETUP +GCRYPT +GNUTLS +ACL +XZ +LZ4 +SECCOMP +BLKID +ELFUTILS +KMOD -IDN2 +IDN -PCRE2 default-hierarchy=hybrid)
[   34.298182] systemd[1]: Detected virtualization oracle.
[   34.316056] systemd[1]: Detected architecture x86-64.

Welcome to [1mUbuntu 18.04.3 LTS[0m!

[   34.353523] systemd[1]: Set hostname to <ubuntu-bionic>.
[   34.861070] systemd[1]: Reached target Swap.
[[0;32m  OK  [0m] Reached target Swap.
[   34.927849] systemd[1]: Created slice System Slice.
[[0;32m  OK  [0m] Created slice System Slice.
[   34.979372] systemd[1]: Listening on Device-mapper event daemon FIFOs.
[[0;32m  OK  [0m] Listening on Device-mapper event daemon FIFOs.
[   35.030173] systemd[1]: Set up automount Arbitrary Executable File Formats File System Automount Point.
[[0;32m  OK  [0m] Set up automount Arbitrary Executab…rmats File System Automount Point.
[   35.061021] systemd[1]: Listening on LVM2 poll daemon socket.
[[0;32m  OK  [0m] Listening on LVM2 poll daemon socket.
[   35.078183] systemd[1]: Started Forward Password Requests to Wall Directory Watch.
[[0;32m  OK  [0m] Started Forward Password Requests to Wall Directory Watch.
[[0;32m  OK  [0m] Listening on Syslog Socket.
[[0;32m  OK  [0m] Listening on Journal Audit Socket.
[[0;32m  OK  [0m] Listening on /dev/initctl Compatibility Named Pipe.
[[0;32m  OK  [0m] Listening on Network Service Netlink Socket.
[[0;32m  OK  [0m] Reached target System Time Synchronized.
[[0;32m  OK  [0m] Created slice system-serial\x2dgetty.slice.
[[0;32m  OK  [0m] Listening on udev Kernel Socket.
[[0;32m  OK  [0m] Listening on Journal Socket.
         Starting Create list of required st…ce nodes for the current kernel...
         Starting Uncomplicated firewall...
         Mounting POSIX Message Queue File System...
         Starting Load Kernel Modules...
         Starting Remount Root and Kernel[   35.844717] Loading iSCSI transport class v2.0-870.
 File Systems...
         Startin[   35.907402] iscsi: registered transport (tcp)
g Set the consol[   36.012130] EXT4-fs (sda1): re-mounted. Opts: (null)
e keyboard layout...
[[0;32m  OK  [0m] Reached target User and Group Name Lookups.
         Mounting Kernel Debug File System...
[   36.156312] iscsi: registered transport (iser)
[[0;32m  OK  [0m] Listening on Journal Socket (/dev/log).
[[0;32m  OK  [0m] Created slice User and Session Slice.
[[0;32m  OK  [0m] Reached target Slices.
         Starting Journal Service...
         Mounting Huge Pages File System...
[[0;32m  OK  [0m] Listening on udev Control Socket.
         Starting udev Coldplug all Devices...
[[0;32m  OK  [0m] Listening on LVM2 metadata daemon socket.
         Starting Monitoring of [   36.415185] random: crng init done
LVM2 mirrors…ng dmeventd or pr[   36.449293] random: 7 urandom warning(s) missed due to ratelimiting
ogress polling...
[[0;32m  OK  [0m] Started Journal Service.
[[0;32m  OK  [0m] Started Create list of required sta…vice nodes for the current kernel.
[[0;32m  OK  [0m] Started Uncomplicated firewall.
[[0;32m  OK  [0m] Mounted POSIX Message Queue File System.
[[0;32m  OK  [0m] Started Load Kernel Modules.
[[0;32m  OK  [0m] Started Remount Root and Kernel File Systems.
[[0;32m  OK  [0m] Started Set the console keyboard layout.
[[0;32m  OK  [0m] Mounted Kernel Debug File System.
[[0;32m  OK  [0m] Mounted Huge Pages File System.
[[0;32m  OK  [0m] Started LVM2 metadata daemon.
         Starting Load/Save Random Seed...
         Mounting FUSE Control File System...
         Mounting Kernel Configuration File System...
         Starting Apply Kernel Variables...
         Starting Create Static Device Nodes in /dev...
         Starting Flush Journal to Persistent Storage...
[[0;32m  OK  [0m] Started Monitoring of LVM2 mirrors,…sing dmeventd or progress polling.
[[0;32m  OK  [0m] Started udev Coldplug all Devices.
[[0;32m  OK  [0m] Started Load/Save Random Seed.
[[0;32m  OK  [0m] Mounted FUSE Control File System.
[[0;32m  OK  [0m] Mounted Kernel Configuration File System.
[[0;32m  OK  [0m] Started Apply Kernel Variables.
[[0;32m  OK  [0m] Started Create Static Device Nodes in /dev.
         Starting udev Kernel Device Manager...
[[0;32m  OK  [0m] Reached target Local File Systems (Pre).
[[0;32m  OK  [0m] Reached target Local File Systems.
         Starting Tell Plymouth To Write Out Runtime Data...
         Starting Set console font and keymap...
         Starting ebtables ruleset management...
         Starting AppArmor initialization...
[[0;32m  OK  [0m] Started udev Kernel Device Manager.
[[0;32m  OK  [0m] Started Tell Plymouth To Write Out Runtime Data.
[[0;32m  OK  [0m] Started Set console font and keymap.
[[0;32m  OK  [0m] Started Dispatch Password Requests to Console Directory Watch.
[[0;32m  OK  [0m] Reached target Local Encrypted Volumes.
[[0;32m  OK  [0m] Started ebtables ruleset management.
[[0;32m  OK  [0m] Started Flush Journal to Persistent Storage.
[[0;32m  OK  [0m] Found device /dev/ttyS0.
[[0;32m  OK  [0m] Listening on Load/Save RF Kill Switch Status /dev/rfkill Watch.
         Starting Create Volatile Files and Directories...
[[0;32m  OK  [0m] Started AppArmor initialization.
[[0;32m  OK  [0m] Started Create Volatile Files and Directories.
         Starting Update UTMP about System Boot/Shutdown...
         Starting Initial cloud-init job (pre-networking)...
[[0;32m  OK  [0m] Started Update UTMP about System Boot/Shutdown.
[   41.068423] cloud-init[528]: Cloud-init v. 19.3-41-gc4735dd3-0ubuntu1~18.04.1 running 'init-local' at Sun, 01 Mar 2020 03:36:44 +0000. Up 40.76 seconds.
[[0;32m  OK  [0m] Started Initial cloud-init job (pre-networking).
[[0;32m  OK  [0m] Reached target Network (Pre).
         Starting Network Service...
[[0;32m  OK  [0m] Started Network Service.
         Starting Wait for Network to be Configured...
         Starting Network Name Resolution...
[[0;32m  OK  [0m] Started Network Name Resolution.
[[0;32m  OK  [0m] Reached target Host and Network Name Lookups.
[[0;32m  OK  [0m] Reached target Network.
[[0;32m  OK  [0m] Started Wait for Network to be Configured.
         Starting Initial cloud-init job (metadata service crawler)...
[   44.388437] cloud-init[666]: Cloud-init v. 19.3-41-gc4735dd3-0ubuntu1~18.04.1 running 'init' at Sun, 01 Mar 2020 03:36:48 +0000. Up 43.92 seconds.
[   44.529873] cloud-init[666]: ci-info: ++++++++++++++++++++++++++++++++++++++Net device info+++++++++++++++++++++++++++++++++++++++
[   44.624592] cloud-init[666]: ci-info: +--------+------+-----------------------------+---------------+--------+-------------------+
[   44.679237] cloud-init[666]: ci-info: | Device |  Up  |           Address           |      Mask     | Scope  |     Hw-Address    |
[   44.726138] cloud-init[666]: ci-info: +--------+------+-----------------------------+---------------+--------+-------------------+
[   44.808517] cloud-init[666]: ci-info: | enp0s3 | True |          10.0.2.15          | 255.255.255.0 | global | 02:6f:f9:1e:39:dc |
[   44.918988] cloud-init[666]: ci-info: | enp0s3 | True |  fe80::6f:f9ff:fe1e:39dc/64 |       .       |  link  | 02:6f:f9:1e:39:dc |
[   44.993146] cloud-init[666]: ci-info: | enp0s8 | True |        192.168.33.10        | 255.255.255.0 | global | 08:00:27:56:f6:c9 |
[[   45.136539] cloud-init[666]: ci-info: | enp0s8 | True | fe80::a00:27ff:fe56:f6c9/64 |       .       |  link  | 08:00:27:56:f6:c9 |
[0;32m  OK  [0m] Started Initial cloud-init job (metadata service crawler).
[   45.136805] cloud-init[666]: ci-info: |   lo   | True |          127.0.0.1          |   255.0.0.0   |  host  |         .         |
[   45.368607] cloud-init[666]: ci-info: |   lo   | True |           ::1/128           |       .       |  host  |         .         |
[[0;32m  OK  [0m] Reached target Cloud-config availability.
[   45.369695] cloud-init[666]: ci-info: +--------+------+-----------------------------+---------------+--------+-------------------+
[   45.684656] cloud-init[666]: ci-info: +++++++++++++++++++++++++++++Route IPv4 info+++++++++++++++++++++++++++++
[   45.685012] cloud-init[666]: ci-info: +-------+--------------+----------+-----------------+-----------+-------+
[   45.686331] cloud-init[666]: ci-info: | Route | Destination  | Gateway  |     Genmask     | Interface | Flags |
[   45.686433] cloud-init[666]: ci-info: +-------+--------------+----------+-----------------+-----------+-------+
[[0;32m  OK  [0m] Reached target System Initialization.
[   45.686509] cloud-init[666]: ci-info: |   0   |   0.0.0.0    | 10.0.2.2 |     0.0.0.0     |   enp0s3  |   UG  |
[[   46.021121] cloud-init[666]: ci-info: |   1   |   10.0.2.0   | 0.0.0.0  |  255.255.255.0  |   enp0s3  |   U   |
[   46.021523] cloud-init[666]: ci-info: |   2   |   10.0.2.2   | 0.0.0.0  | 255.255.255.255 |   enp0s3  |   UH  |
[0;32m  OK  [0m] Started Discard unused blocks once a week.
[   46.021853] cloud-init[666]: ci-info: |   3   | 192.168.33.0 | 0.0.0.0  |  255.255.255.0  |   enp0s8  |   U   |
[   46.280536] cloud-init[666]: ci-info: +-------+--------------+----------+-----------------+-----------+-------+
[   46.280899] cloud-init[666]: ci-info: +++++++++++++++++++Route IPv6 info+++++++++++++++++++
[[0;32m  OK  [0m] Started Daily apt download activities.
[   46.281419] cloud-init[666]: ci-info: +-------+-------------+---------+-----------+-------+
[[   46.425108] cloud-init[666]: ci-info: | Route | Destination | Gateway | Interface | Flags |
[   46.425415] cloud-init[666]: ci-info: +-------+-------------+---------+-----------+-------+
[0;32m  OK  [0m] Listening on ACPID Listen Socket.
[   46.425920] cloud-init[666]: ci-info: |   1   |  fe80::/64  |    ::   |   enp0s8  |   U   |
         [   46.488319] Starting LXD - unix socket.cloud-init
[666]: ci-info: |   2   |  fe80::/64  |    ::   |   enp0s3  |   U   |
[   46.534856] cloud-init[666]: ci-info: |   4   |    local    |    ::   |   enp0s3  |   U   |
[   46.535091] cloud-init[666]: ci-info: |   5   |    local    |    ::   |   enp0s8  |   U   |
[[   46.535637] [0;32m  OK  [0mcloud-init] [666]: Listening on Open-iSCSI iscsid Socket.ci-info: |   6   |   ff00::/8  |    ::   |   enp0s8  |   U   |

[[   46.848739] cloud-init[666]: ci-info: |   7   |   ff00::/8  |    ::   |   enp0s3  |   U   |
[0;32m  OK  [0m] Started Daily apt upgrade and clean activities.
[   46.849000] cloud-init[666]: ci-info: +-------+-------------+---------+-----------+-------+
[[0;32m  OK  [0m] Listening on D-Bus System Message Bus Socket.
         Starting Socket activation for snappy daemon.
[[0;32m  OK  [0m] Started Message of the Day.
[[0;32m  OK  [0m] Started ACPI Events Check.
[[0;32m  OK  [0m] Reached target Paths.
[[0;32m  OK  [0m] Listening on UUID daemon activation socket.
[[0;32m  OK  [0m] Started Daily Cleanup of Temporary Directories.
[[0;32m  OK  [0m] Reached target Timers.
[[0;32m  OK  [0m] Reached target Network is Online.
[[0;32m  OK  [0m] Reached target Remote File Systems (Pre).
[[0;32m  OK  [0m] Reached target Remote File Systems.
         Starting Availability of block devices...
[[0;32m  OK  [0m] Listening on LXD - unix socket.
[[0;32m  OK  [0m] Listening on Socket activation for snappy daemon.
[[0;32m  OK  [0m] Started Availability of block devices.
[[0;32m  OK  [0m] Reached target Sockets.
[[0;32m  OK  [0m] Reached target Basic System.
         Starting Dispatcher daemon for systemd-networkd...
         Starting LSB: Record successful boot for GRUB...
[[0;32m  OK  [0m] Started irqbalance daemon.
         Starting System Logging Service...
         Starting Virtualbox guest utils...
[[0;32m  OK  [0m] Started FUSE filesystem for LXC.
         Starting Discard unused blocks...
         Starting Login Service...
         Starting Permit User Sessions...
         Starting LSB: automatic crash report generation...
[[0;32m  OK  [0m] Started Deferred execution scheduler.
         Starting Snappy daemon...
[[0;32m  OK  [0m] Started D-Bus System Message Bus.
[[0;32m  OK  [0m] Started Regular background program processing daemon.
         Starting Accounts Service...
         Starting OpenBSD Secure Shell server...
         Starting Message of the Day...
         Starting LXD - container startup/shutdown...
[[0;32m  OK  [0m] Started System Logging Service.
[[0;32m  OK  [0m] Started Dispatcher daemon for systemd-networkd.
[[0;32m  OK  [0m] Started Discard unused blocks.
[[0;32m  OK  [0m] Started Permit User Sessions.
[[0;32m  OK  [0m] Started Login Service.
[[0;32m  OK  [0m] Started Unattended Upgrades Shutdown.
         Starting Hold until boot process finishes up...
         Starting Terminate Plymouth Boot Screen...
[[0;32m  OK  [0m] Started Hold until boot process finishes up.
[[0;32m  OK  [0m] Started Terminate Plymouth Boot Screen.
[[0;32m  OK  [0m] Started OpenBSD Secure Shell server.
[[0;32m  OK  [0m] Started Snappy daemon.
[[0;32m  OK  [0m] Started LSB: Record successful boot for GRUB.
[[0;32m  OK  [0m] Started Virtualbox guest utils.
[[0;32m  OK  [0m] Started LSB: automatic crash report generation.
[[0;32m  OK  [0m] Started LXD - container startup/shutdown.
[[0;32m  OK  [0m] Created slice User Slice of vagrant.
         Starting Authorization Manager...
         Starting Wait until snapd is fully seeded...
         Starting Set console scheme...
[[0;32m  OK  [0m] Started Serial Getty on ttyS0.
[[0;32m  OK  [0m] Started Set console scheme.
[[0;32m  OK  [0m] Started Wait until snapd is fully seeded.
[[0;32m  OK  [0m] Started Authorization Manager.
[[0;32m  OK  [0m] Started Accounts Service.
[[0;32m  OK  [0m] Started Session 1 of user vagrant.
         Starting User Manager for UID 1000...
         Starting Apply the settings specified in cloud-config...
[[0;32m  OK  [0m] Created slice system-getty.slice.
[[0;32m  OK  [0m] Started Getty on tty1.
[[0;32m  OK  [0m] Reached target Login Prompts.
[[0;32m  OK  [0m] Reached target Multi-User System.
[[0;32m  OK  [0m] Reached target Graphical Interface.
         Starting Update UTMP about System Runlevel Changes...
[[0;32m  OK  [0m] Started User Manager for UID 1000.
[[0;32m  OK  [0m] Started Update UTMP about System Runlevel Changes.
[   50.819282] cloud-init[1142]: Cloud-init v. 19.3-41-gc4735dd3-0ubuntu1~18.04.1 running 'modules:config' at Sun, 01 Mar 2020 03:36:54 +0000. Up 50.59 seconds.
[[0;32m  OK  [0m] Started Apply the settings specified in cloud-config.
         Starting Execute cloud user/final scripts...
[   52.020337] cloud-init[1235]: Cloud-init v. 19.3-41-gc4735dd3-0ubuntu1~18.04.1 running 'modules:final' at Sun, 01 Mar 2020 03:36:55 +0000. Up 51.67 seconds.
[   52.112537] cloud-init[1235]: Cloud-init v. 19.3-41-gc4735dd3-0ubuntu1~18.04.1 finished at Sun, 01 Mar 2020 03:36:56 +0000. Datasource DataSourceNoCloud [seed=/dev/sdb][dsmode=net].  Up 51.97 seconds
[[0;32m  OK  [0m] Started Message of the Day.
[[0;32m  OK  [0m] Started Execute cloud user/final scripts.
[[0;32m  OK  [0m] Reached target Cloud-init target.

Ubuntu 18.04.3 LTS ubuntu-bionic ttyS0

ubuntu-bionic login: 